[May 20, 2023, 6:04:29.5 PM:ERROR:refill_unblinded_tokens.cc(208)] Failed to get signed tokens
[May 20, 2023, 6:10:25.0 PM:ERROR:publisher.cc(646)] Publisher info not found
[May 20, 2023, 6:25:22.1 PM:ERROR:publisher.cc(646)] Publisher info not found
[May 20, 2023, 7:00:34.8 PM:ERROR:publisher.cc(646)] Publisher info not found
[May 20, 2023, 7:00:34.8 PM:ERROR:publisher.cc(646)] Publisher info not found
--------------------------------------------------------------------------------
[May 20, 2023, 9:36:48.0 PM:ERROR:publisher.cc(646)] Publisher info not found
[May 20, 2023, 9:36:57.0 PM:ERROR:publisher.cc(646)] Publisher info not found
--------------------------------------------------------------------------------
[May 21, 2023, 1:24:40.5 PM:ERROR:publisher.cc(646)] Publisher info not found
[May 21, 2023, 1:24:54.3 PM:ERROR:publisher.cc(646)] Publisher info not found
[May 21, 2023, 1:25:22.6 PM:ERROR:publisher.cc(646)] Publisher info not found
[May 21, 2023, 1:26:16.8 PM:ERROR:publisher.cc(646)] Publisher info not found
[May 21, 2023, 1:26:37.8 PM:ERROR:publisher.cc(646)] Publisher info not found
[May 21, 2023, 1:29:00.6 PM:ERROR:publisher.cc(646)] Publisher info not found
[May 21, 2023, 1:44:07.1 PM:ERROR:publisher.cc(646)] Publisher info not found
[May 21, 2023, 1:44:30.0 PM:ERROR:publisher.cc(646)] Publisher info not found
[May 21, 2023, 1:45:29.9 PM:ERROR:publisher.cc(646)] Publisher info not found
[May 21, 2023, 1:45:33.2 PM:ERROR:publisher.cc(646)] Publisher info not found
--------------------------------------------------------------------------------
[May 21, 2023, 1:52:27.4 PM:ERROR:publisher.cc(646)] Publisher info not found
[May 21, 2023, 1:54:33.4 PM:ERROR:publisher.cc(646)] Publisher info not found
[May 21, 2023, 1:54:33.4 PM:ERROR:publisher.cc(646)] Publisher info not found
[May 21, 2023, 1:55:21.5 PM:ERROR:publisher.cc(646)] Publisher info not found
--------------------------------------------------------------------------------
[May 21, 2023, 2:05:22.0 PM:ERROR:publisher.cc(646)] Publisher info not found
--------------------------------------------------------------------------------
[May 23, 2023, 4:04:07.2 PM:ERROR:publisher.cc(646)] Publisher info not found
--------------------------------------------------------------------------------
[May 23, 2023, 4:59:03.6 PM:ERROR:publisher.cc(646)] Publisher info not found
[May 23, 2023, 5:04:30.0 PM:ERROR:publisher.cc(646)] Publisher info not found
--------------------------------------------------------------------------------
[May 23, 2023, 5:17:31.4 PM:ERROR:publisher.cc(646)] Publisher info not found
--------------------------------------------------------------------------------
[May 23, 2023, 6:59:00.2 PM:ERROR:publisher.cc(646)] Publisher info not found
--------------------------------------------------------------------------------
[May 23, 2023, 7:49:37.8 PM:ERROR:publisher.cc(646)] Publisher info not found
--------------------------------------------------------------------------------
[May 23, 2023, 7:52:17.7 PM:ERROR:publisher.cc(646)] Publisher info not found
[May 23, 2023, 7:52:31.2 PM:ERROR:publisher.cc(646)] Publisher info not found
[May 23, 2023, 7:52:35.8 PM:ERROR:publisher.cc(646)] Publisher info not found
--------------------------------------------------------------------------------
[May 23, 2023, 7:54:36.2 PM:ERROR:publisher.cc(646)] Publisher info not found
[May 23, 2023, 7:58:42.6 PM:ERROR:publisher.cc(646)] Publisher info not found
[May 23, 2023, 7:59:21.5 PM:ERROR:publisher.cc(646)] Publisher info not found
[May 23, 2023, 8:03:12.3 PM:ERROR:publisher.cc(646)] Publisher info not found
[May 23, 2023, 8:05:25.5 PM:ERROR:publisher.cc(646)] Publisher info not found
[May 23, 2023, 8:12:17.5 PM:ERROR:publisher.cc(646)] Publisher info not found
[May 23, 2023, 8:12:59.8 PM:ERROR:publisher.cc(646)] Publisher info not found
[May 23, 2023, 8:14:55.5 PM:ERROR:publisher.cc(646)] Publisher info not found
[May 23, 2023, 8:15:00.5 PM:ERROR:publisher.cc(646)] Publisher info not found
[May 23, 2023, 8:39:55.9 PM:ERROR:publisher.cc(646)] Publisher info not found
[May 23, 2023, 8:40:12.3 PM:ERROR:publisher.cc(646)] Publisher info not found
[May 23, 2023, 9:16:22.6 PM:ERROR:publisher.cc(646)] Publisher info not found
[May 23, 2023, 9:30:14.0 PM:ERROR:publisher.cc(646)] Publisher info not found
[May 23, 2023, 9:30:30.7 PM:ERROR:publisher.cc(646)] Publisher info not found
[May 23, 2023, 10:05:22.0 PM:ERROR:publisher.cc(646)] Publisher info not found
[May 23, 2023, 10:07:23.9 PM:ERROR:publisher.cc(646)] Publisher info not found
[May 23, 2023, 10:08:13.7 PM:ERROR:publisher.cc(646)] Publisher info not found
[May 23, 2023, 10:08:17.4 PM:ERROR:publisher.cc(646)] Publisher info not found
[May 23, 2023, 10:08:26.3 PM:ERROR:publisher.cc(646)] Publisher info not found
[May 23, 2023, 10:12:06.2 PM:ERROR:publisher.cc(646)] Publisher info not found
--------------------------------------------------------------------------------
[May 24, 2023, 3:57:35.8 PM:ERROR:publisher.cc(646)] Publisher info not found
[May 24, 2023, 5:01:02.0 PM:ERROR:publisher.cc(646)] Publisher info not found
[May 24, 2023, 5:06:46.4 PM:ERROR:publisher.cc(646)] Publisher info not found
[May 24, 2023, 5:12:33.9 PM:ERROR:publisher.cc(646)] Publisher info not found
[May 24, 2023, 5:12:38.1 PM:ERROR:publisher.cc(646)] Publisher info not found
[May 24, 2023, 5:13:10.4 PM:ERROR:publisher.cc(646)] Publisher info not found
[May 24, 2023, 5:13:22.6 PM:ERROR:publisher.cc(646)] Publisher info not found
[May 24, 2023, 5:13:58.3 PM:ERROR:publisher.cc(646)] Publisher info not found
[May 24, 2023, 5:14:07.0 PM:ERROR:publisher.cc(646)] Publisher info not found
--------------------------------------------------------------------------------
[May 24, 2023, 7:49:12.7 PM:ERROR:publisher.cc(646)] Publisher info not found
[May 24, 2023, 7:52:13.3 PM:ERROR:publisher.cc(646)] Publisher info not found
[May 24, 2023, 7:55:19.5 PM:ERROR:publisher.cc(646)] Publisher info not found
[May 24, 2023, 7:55:36.9 PM:ERROR:publisher.cc(646)] Publisher info not found
[May 24, 2023, 7:56:03.8 PM:ERROR:publisher.cc(646)] Publisher info not found
[May 24, 2023, 8:26:16.4 PM:ERROR:publisher.cc(646)] Publisher info not found
[May 24, 2023, 8:27:54.0 PM:ERROR:publisher.cc(646)] Publisher info not found
[May 24, 2023, 8:27:59.8 PM:ERROR:publisher.cc(646)] Publisher info not found
[May 24, 2023, 8:32:21.0 PM:ERROR:publisher.cc(646)] Publisher info not found
[May 24, 2023, 8:33:25.4 PM:ERROR:publisher.cc(646)] Publisher info not found
[May 24, 2023, 8:34:29.4 PM:ERROR:publisher.cc(646)] Publisher info not found
[May 24, 2023, 8:35:24.2 PM:ERROR:publisher.cc(646)] Publisher info not found
[May 24, 2023, 8:35:31.0 PM:ERROR:publisher.cc(646)] Publisher info not found
[May 24, 2023, 8:54:25.8 PM:ERROR:publisher.cc(646)] Publisher info not found
[May 24, 2023, 8:55:08.1 PM:ERROR:publisher.cc(646)] Publisher info not found
--------------------------------------------------------------------------------
[May 25, 2023, 8:29:53.0 PM:ERROR:publisher.cc(646)] Publisher info not found
[May 25, 2023, 8:29:53.0 PM:ERROR:publisher.cc(646)] Publisher info not found
[May 25, 2023, 8:32:31.5 PM:ERROR:publisher.cc(646)] Publisher info not found
--------------------------------------------------------------------------------
[May 25, 2023, 8:47:24.9 PM:ERROR:publisher.cc(646)] Publisher info not found
[May 25, 2023, 9:45:19.9 PM:ERROR:publisher.cc(646)] Publisher info not found
[May 25, 2023, 9:51:46.2 PM:ERROR:publisher.cc(646)] Publisher info not found
[May 25, 2023, 9:51:46.2 PM:ERROR:publisher.cc(646)] Publisher info not found
[May 25, 2023, 9:52:47.3 PM:ERROR:publisher.cc(646)] Publisher info not found
[May 25, 2023, 9:53:00.6 PM:ERROR:publisher.cc(646)] Publisher info not found
[May 25, 2023, 10:01:43.3 PM:ERROR:publisher.cc(646)] Publisher info not found
[May 25, 2023, 10:01:43.3 PM:ERROR:publisher.cc(646)] Publisher info not found
[May 25, 2023, 10:03:31.2 PM:ERROR:publisher.cc(646)] Publisher info not found
--------------------------------------------------------------------------------
[May 26, 2023, 3:17:54.7 PM:ERROR:publisher.cc(646)] Publisher info not found
[May 26, 2023, 3:21:06.4 PM:ERROR:publisher.cc(646)] Publisher info not found
[May 26, 2023, 3:32:06.1 PM:ERROR:publisher.cc(646)] Publisher info not found
[May 26, 2023, 3:32:06.1 PM:ERROR:publisher.cc(646)] Publisher info not found
[May 26, 2023, 3:34:02.9 PM:ERROR:publisher.cc(646)] Publisher info not found
[May 26, 2023, 3:34:02.9 PM:ERROR:publisher.cc(646)] Publisher info not found
[May 26, 2023, 3:43:10.0 PM:ERROR:publisher.cc(646)] Publisher info not found
[May 26, 2023, 3:43:10.0 PM:ERROR:publisher.cc(646)] Publisher info not found
[May 26, 2023, 3:54:19.7 PM:ERROR:publisher.cc(646)] Publisher info not found
[May 26, 2023, 3:55:19.7 PM:ERROR:publisher.cc(646)] Publisher info not found
[May 26, 2023, 3:55:25.9 PM:ERROR:publisher.cc(646)] Publisher info not found
[May 26, 2023, 3:56:04.5 PM:ERROR:publisher.cc(646)] Publisher info not found
[May 26, 2023, 3:56:28.5 PM:ERROR:publisher.cc(646)] Publisher info not found
[May 26, 2023, 3:57:09.6 PM:ERROR:publisher.cc(646)] Publisher info not found
[May 26, 2023, 3:58:19.7 PM:ERROR:publisher.cc(646)] Publisher info not found
[May 26, 2023, 4:00:23.3 PM:ERROR:publisher.cc(646)] Publisher info not found
[May 26, 2023, 4:04:24.3 PM:ERROR:publisher.cc(646)] Publisher info not found
--------------------------------------------------------------------------------
[May 26, 2023, 4:29:44.8 PM:ERROR:publisher.cc(646)] Publisher info not found
[May 26, 2023, 4:29:44.8 PM:ERROR:publisher.cc(646)] Publisher info not found
[May 26, 2023, 4:30:39.1 PM:ERROR:publisher.cc(646)] Publisher info not found
[May 26, 2023, 4:30:39.1 PM:ERROR:publisher.cc(646)] Publisher info not found
[May 26, 2023, 4:31:12.6 PM:ERROR:publisher.cc(646)] Publisher info not found
[May 26, 2023, 4:31:12.6 PM:ERROR:publisher.cc(646)] Publisher info not found
[May 26, 2023, 4:54:37.4 PM:ERROR:publisher.cc(646)] Publisher info not found
[May 26, 2023, 4:55:22.0 PM:ERROR:publisher.cc(646)] Publisher info not found
--------------------------------------------------------------------------------
[May 27, 2023, 12:01:29.0 PM:ERROR:publisher.cc(646)] Publisher info not found
[May 27, 2023, 12:19:58.6 PM:ERROR:publisher.cc(646)] Publisher info not found
[May 27, 2023, 12:19:58.6 PM:ERROR:publisher.cc(646)] Publisher info not found
[May 27, 2023, 12:45:11.4 PM:ERROR:publisher.cc(646)] Publisher info not found
[May 27, 2023, 12:45:11.4 PM:ERROR:publisher.cc(646)] Publisher info not found
[May 27, 2023, 12:59:51.9 PM:ERROR:publisher.cc(646)] Publisher info not found
[May 27, 2023, 12:59:51.9 PM:ERROR:publisher.cc(646)] Publisher info not found
[May 27, 2023, 1:11:37.0 PM:ERROR:publisher.cc(646)] Publisher info not found
--------------------------------------------------------------------------------
[May 27, 2023, 6:46:23.8 PM:ERROR:publisher.cc(646)] Publisher info not found
[May 27, 2023, 6:46:23.8 PM:ERROR:publisher.cc(646)] Publisher info not found
--------------------------------------------------------------------------------
[May 30, 2023, 10:26:11.6 PM:ERROR:publisher.cc(646)] Publisher info not found
--------------------------------------------------------------------------------
[May 31, 2023, 5:32:05.0 PM:ERROR:publisher.cc(646)] Publisher info not found
[May 31, 2023, 5:32:22.3 PM:ERROR:publisher.cc(646)] Publisher info not found
[May 31, 2023, 5:36:17.6 PM:ERROR:publisher.cc(646)] Publisher info not found
[May 31, 2023, 5:36:54.7 PM:ERROR:publisher.cc(646)] Publisher info not found
[May 31, 2023, 5:48:33.6 PM:ERROR:publisher.cc(646)] Publisher info not found
--------------------------------------------------------------------------------
[May 31, 2023, 8:28:36.5 PM:ERROR:publisher.cc(646)] Publisher info not found
[May 31, 2023, 8:28:36.5 PM:ERROR:publisher.cc(646)] Publisher info not found
[May 31, 2023, 9:55:38.5 PM:ERROR:publisher.cc(646)] Publisher info not found
[May 31, 2023, 9:55:38.5 PM:ERROR:publisher.cc(646)] Publisher info not found
[May 31, 2023, 10:02:00.6 PM:ERROR:publisher.cc(646)] Publisher info not found
[May 31, 2023, 10:02:51.2 PM:ERROR:publisher.cc(646)] Publisher info not found
[May 31, 2023, 10:10:20.2 PM:ERROR:publisher.cc(646)] Publisher info not found
[May 31, 2023, 10:11:13.4 PM:ERROR:publisher.cc(646)] Publisher info not found
[May 31, 2023, 10:11:56.4 PM:ERROR:publisher.cc(646)] Publisher info not found
[May 31, 2023, 10:15:50.1 PM:ERROR:publisher.cc(646)] Publisher info not found
[May 31, 2023, 10:15:50.1 PM:ERROR:publisher.cc(646)] Publisher info not found
[May 31, 2023, 10:16:38.2 PM:ERROR:publisher.cc(646)] Publisher info not found
[May 31, 2023, 10:16:38.2 PM:ERROR:publisher.cc(646)] Publisher info not found
[May 31, 2023, 10:16:59.8 PM:ERROR:publisher.cc(646)] Publisher info not found
[May 31, 2023, 10:16:59.8 PM:ERROR:publisher.cc(646)] Publisher info not found
[May 31, 2023, 10:24:22.3 PM:ERROR:publisher.cc(646)] Publisher info not found
[May 31, 2023, 10:24:22.3 PM:ERROR:publisher.cc(646)] Publisher info not found
--------------------------------------------------------------------------------
[Jun 01, 2023, 8:40:28.6 PM:ERROR:publisher.cc(646)] Publisher info not found
[Jun 01, 2023, 8:40:28.6 PM:ERROR:publisher.cc(646)] Publisher info not found
[Jun 01, 2023, 8:44:32.4 PM:ERROR:publisher.cc(646)] Publisher info not found
[Jun 01, 2023, 8:44:38.5 PM:ERROR:publisher.cc(646)] Publisher info not found
[Jun 01, 2023, 8:44:38.5 PM:ERROR:publisher.cc(646)] Publisher info not found
[Jun 01, 2023, 8:44:38.5 PM:ERROR:publisher.cc(646)] Publisher info not found
[Jun 01, 2023, 8:45:08.7 PM:ERROR:publisher.cc(646)] Publisher info not found
[Jun 01, 2023, 8:45:08.7 PM:ERROR:publisher.cc(646)] Publisher info not found
[Jun 01, 2023, 8:45:18.8 PM:ERROR:publisher.cc(646)] Publisher info not found
[Jun 01, 2023, 8:45:18.8 PM:ERROR:publisher.cc(646)] Publisher info not found
[Jun 01, 2023, 8:45:18.8 PM:ERROR:publisher.cc(646)] Publisher info not found
[Jun 01, 2023, 8:48:23.1 PM:ERROR:publisher.cc(646)] Publisher info not found
[Jun 01, 2023, 8:48:23.1 PM:ERROR:publisher.cc(646)] Publisher info not found
[Jun 01, 2023, 8:48:23.1 PM:ERROR:publisher.cc(646)] Publisher info not found
--------------------------------------------------------------------------------
[Jun 04, 2023, 7:09:38.4 PM:ERROR:publisher.cc(646)] Publisher info not found
[Jun 04, 2023, 7:11:17.3 PM:ERROR:publisher.cc(646)] Publisher info not found
[Jun 04, 2023, 7:11:34.6 PM:ERROR:publisher.cc(646)] Publisher info not found
--------------------------------------------------------------------------------
[Jun 04, 2023, 9:25:24.8 PM:ERROR:publisher.cc(629)] Publisher info not found
[Jun 04, 2023, 9:27:05.9 PM:ERROR:publisher.cc(629)] Publisher info not found
[Jun 04, 2023, 9:30:08.1 PM:ERROR:publisher.cc(629)] Publisher info not found
[Jun 04, 2023, 9:31:13.4 PM:ERROR:publisher.cc(629)] Publisher info not found
[Jun 04, 2023, 9:35:56.3 PM:ERROR:publisher.cc(629)] Publisher info not found
--------------------------------------------------------------------------------
[Jun 05, 2023, 5:03:34.0 PM:ERROR:publisher.cc(629)] Publisher info not found
[Jun 05, 2023, 5:03:39.3 PM:ERROR:publisher.cc(629)] Publisher info not found
[Jun 05, 2023, 5:22:39.5 PM:ERROR:publisher.cc(629)] Publisher info not found
[Jun 05, 2023, 8:17:23.9 PM:ERROR:publisher.cc(629)] Publisher info not found
[Jun 05, 2023, 8:20:00.8 PM:ERROR:publisher.cc(629)] Publisher info not found
[Jun 05, 2023, 8:32:16.8 PM:ERROR:publisher.cc(629)] Publisher info not found
[Jun 05, 2023, 8:32:16.8 PM:ERROR:publisher.cc(629)] Publisher info not found
[Jun 05, 2023, 8:44:33.2 PM:ERROR:publisher.cc(629)] Publisher info not found
[Jun 05, 2023, 8:49:30.1 PM:ERROR:publisher.cc(629)] Publisher info not found
[Jun 05, 2023, 8:52:13.3 PM:ERROR:publisher.cc(629)] Publisher info not found
[Jun 05, 2023, 8:52:58.2 PM:ERROR:publisher.cc(629)] Publisher info not found
[Jun 05, 2023, 9:00:43.0 PM:ERROR:publisher.cc(629)] Publisher info not found
[Jun 05, 2023, 9:02:30.4 PM:ERROR:publisher.cc(629)] Publisher info not found
[Jun 05, 2023, 9:05:52.3 PM:ERROR:publisher.cc(629)] Publisher info not found
--------------------------------------------------------------------------------
[Jun 06, 2023, 9:21:49.7 PM:ERROR:publisher.cc(629)] Publisher info not found
[Jun 06, 2023, 9:30:45.2 PM:ERROR:publisher.cc(629)] Publisher info not found
[Jun 06, 2023, 9:33:52.7 PM:ERROR:publisher.cc(629)] Publisher info not found
[Jun 06, 2023, 9:34:20.5 PM:ERROR:publisher.cc(629)] Publisher info not found
[Jun 06, 2023, 9:49:37.8 PM:ERROR:publisher.cc(629)] Publisher info not found
--------------------------------------------------------------------------------
[Jun 07, 2023, 7:07:43.9 PM:ERROR:publisher.cc(629)] Publisher info not found
[Jun 07, 2023, 7:08:29.8 PM:ERROR:publisher.cc(629)] Publisher info not found
[Jun 07, 2023, 7:09:59.1 PM:ERROR:publisher.cc(629)] Publisher info not found
[Jun 07, 2023, 7:25:41.1 PM:ERROR:publisher.cc(629)] Publisher info not found
--------------------------------------------------------------------------------
[Jun 08, 2023, 9:45:35.7 PM:ERROR:publisher.cc(629)] Publisher info not found
[Jun 08, 2023, 9:50:04.8 PM:ERROR:publisher.cc(629)] Publisher info not found
[Jun 08, 2023, 9:51:25.6 PM:ERROR:publisher.cc(629)] Publisher info not found
[Jun 08, 2023, 10:03:40.1 PM:ERROR:publisher.cc(629)] Publisher info not found
[Jun 08, 2023, 10:08:45.8 PM:ERROR:publisher.cc(629)] Publisher info not found
--------------------------------------------------------------------------------
[Jun 09, 2023, 4:26:55.6 PM:ERROR:publisher.cc(629)] Publisher info not found
[Jun 09, 2023, 4:40:14.6 PM:ERROR:publisher.cc(629)] Publisher info not found
[Jun 09, 2023, 4:41:43.5 PM:ERROR:publisher.cc(629)] Publisher info not found
[Jun 09, 2023, 4:43:25.2 PM:ERROR:publisher.cc(629)] Publisher info not found
[Jun 09, 2023, 4:43:53.2 PM:ERROR:publisher.cc(629)] Publisher info not found
[Jun 09, 2023, 4:44:56.4 PM:ERROR:publisher.cc(629)] Publisher info not found
[Jun 09, 2023, 4:45:33.4 PM:ERROR:publisher.cc(629)] Publisher info not found
--------------------------------------------------------------------------------
[Jun 09, 2023, 10:02:45.0 PM:ERROR:publisher.cc(629)] Publisher info not found
[Jun 09, 2023, 10:16:11.9 PM:ERROR:publisher.cc(629)] Publisher info not found
[Jun 09, 2023, 10:20:18.3 PM:ERROR:publisher.cc(629)] Publisher info not found
[Jun 09, 2023, 10:20:18.3 PM:ERROR:publisher.cc(629)] Publisher info not found
[Jun 09, 2023, 10:47:42.7 PM:ERROR:publisher.cc(629)] Publisher info not found
[Jun 09, 2023, 10:47:42.7 PM:ERROR:publisher.cc(629)] Publisher info not found
[Jun 09, 2023, 11:04:46.2 PM:ERROR:publisher.cc(629)] Publisher info not found
[Jun 09, 2023, 11:04:46.2 PM:ERROR:publisher.cc(629)] Publisher info not found
[Jun 09, 2023, 11:22:53.0 PM:ERROR:publisher.cc(629)] Publisher info not found
[Jun 09, 2023, 11:22:53.0 PM:ERROR:publisher.cc(629)] Publisher info not found
[Jun 09, 2023, 11:24:03.6 PM:ERROR:publisher.cc(629)] Publisher info not found
[Jun 09, 2023, 11:30:50.1 PM:ERROR:publisher.cc(629)] Publisher info not found
[Jun 09, 2023, 11:30:50.1 PM:ERROR:publisher.cc(629)] Publisher info not found
[Jun 09, 2023, 11:36:02.0 PM:ERROR:publisher.cc(629)] Publisher info not found
[Jun 09, 2023, 11:36:37.9 PM:ERROR:publisher.cc(629)] Publisher info not found
[Jun 09, 2023, 11:37:33.3 PM:ERROR:publisher.cc(629)] Publisher info not found
[Jun 09, 2023, 11:38:36.4 PM:ERROR:publisher.cc(629)] Publisher info not found
--------------------------------------------------------------------------------
[Jun 10, 2023, 8:23:39.2 PM:ERROR:publisher.cc(629)] Publisher info not found
[Jun 10, 2023, 11:18:24.9 PM:ERROR:publisher.cc(629)] Publisher info not found
[Jun 10, 2023, 11:20:57.9 PM:ERROR:publisher.cc(717)] Failed to retrieve publisher info while updating media duration
[Jun 10, 2023, 11:20:58.0 PM:ERROR:publisher.cc(629)] Publisher info not found
[Jun 10, 2023, 11:20:58.0 PM:ERROR:publisher.cc(629)] Publisher info not found
[Jun 10, 2023, 11:31:01.3 PM:ERROR:publisher.cc(629)] Publisher info not found
[Jun 10, 2023, 11:40:39.7 PM:ERROR:publisher.cc(629)] Publisher info not found
[Jun 10, 2023, 11:40:39.7 PM:ERROR:publisher.cc(629)] Publisher info not found
[Jun 10, 2023, 11:41:50.7 PM:ERROR:publisher.cc(629)] Publisher info not found
[Jun 10, 2023, 11:41:50.7 PM:ERROR:publisher.cc(629)] Publisher info not found
[Jun 10, 2023, 11:45:36.8 PM:ERROR:publisher.cc(629)] Publisher info not found
[Jun 10, 2023, 11:45:36.8 PM:ERROR:publisher.cc(629)] Publisher info not found
[Jun 11, 2023, 12:00:43.5 AM:ERROR:publisher.cc(629)] Publisher info not found
[Jun 11, 2023, 12:00:43.5 AM:ERROR:publisher.cc(629)] Publisher info not found
[Jun 11, 2023, 12:00:43.5 AM:ERROR:publisher.cc(629)] Publisher info not found
[Jun 11, 2023, 12:01:01.2 AM:ERROR:publisher.cc(629)] Publisher info not found
[Jun 11, 2023, 12:01:01.2 AM:ERROR:publisher.cc(629)] Publisher info not found
[Jun 11, 2023, 12:08:02.5 AM:ERROR:publisher.cc(629)] Publisher info not found
[Jun 11, 2023, 12:08:02.5 AM:ERROR:publisher.cc(629)] Publisher info not found
[Jun 11, 2023, 12:16:56.7 AM:ERROR:publisher.cc(629)] Publisher info not found
[Jun 11, 2023, 12:16:56.7 AM:ERROR:publisher.cc(629)] Publisher info not found
--------------------------------------------------------------------------------
[Jun 11, 2023, 7:39:43.2 PM:ERROR:publisher.cc(629)] Publisher info not found
[Jun 11, 2023, 7:43:22.6 PM:ERROR:publisher.cc(629)] Publisher info not found
[Jun 11, 2023, 7:43:29.6 PM:ERROR:publisher.cc(717)] Failed to retrieve publisher info while updating media duration
[Jun 11, 2023, 7:43:29.9 PM:ERROR:publisher.cc(629)] Publisher info not found
[Jun 11, 2023, 7:43:43.2 PM:ERROR:publisher.cc(629)] Publisher info not found
[Jun 11, 2023, 7:46:52.6 PM:ERROR:publisher.cc(629)] Publisher info not found
[Jun 11, 2023, 7:47:10.1 PM:ERROR:publisher.cc(629)] Publisher info not found
[Jun 11, 2023, 7:48:22.2 PM:ERROR:publisher.cc(629)] Publisher info not found
--------------------------------------------------------------------------------
[Jun 11, 2023, 8:17:57.4 PM:ERROR:publisher.cc(629)] Publisher info not found
[Jun 11, 2023, 8:17:57.4 PM:ERROR:publisher.cc(629)] Publisher info not found
[Jun 11, 2023, 8:19:59.4 PM:ERROR:publisher.cc(717)] Failed to retrieve publisher info while updating media duration
[Jun 11, 2023, 8:20:00.0 PM:ERROR:publisher.cc(629)] Publisher info not found
--------------------------------------------------------------------------------
[Jun 11, 2023, 9:49:59.8 PM:ERROR:publisher.cc(629)] Publisher info not found
--------------------------------------------------------------------------------
[Jun 12, 2023, 4:43:44.8 PM:ERROR:publisher.cc(629)] Publisher info not found
[Jun 12, 2023, 4:44:13.4 PM:ERROR:publisher.cc(629)] Publisher info not found
[Jun 12, 2023, 4:45:20.9 PM:ERROR:publisher.cc(629)] Publisher info not found
[Jun 12, 2023, 4:45:24.6 PM:ERROR:publisher.cc(629)] Publisher info not found
[Jun 12, 2023, 4:46:12.4 PM:ERROR:publisher.cc(629)] Publisher info not found
[Jun 12, 2023, 4:47:07.8 PM:ERROR:publisher.cc(629)] Publisher info not found
[Jun 12, 2023, 4:47:19.3 PM:ERROR:publisher.cc(629)] Publisher info not found
[Jun 12, 2023, 4:47:35.2 PM:ERROR:publisher.cc(629)] Publisher info not found
[Jun 12, 2023, 4:48:18.0 PM:ERROR:publisher.cc(629)] Publisher info not found
[Jun 12, 2023, 4:48:20.9 PM:ERROR:publisher.cc(629)] Publisher info not found
[Jun 12, 2023, 4:49:49.0 PM:ERROR:publisher.cc(629)] Publisher info not found
[Jun 12, 2023, 5:06:27.9 PM:ERROR:publisher.cc(629)] Publisher info not found
[Jun 12, 2023, 5:09:59.8 PM:ERROR:publisher.cc(629)] Publisher info not found
[Jun 12, 2023, 5:10:26.7 PM:ERROR:publisher.cc(717)] Failed to retrieve publisher info while updating media duration
[Jun 12, 2023, 5:10:27.2 PM:ERROR:publisher.cc(629)] Publisher info not found
[Jun 12, 2023, 5:21:53.4 PM:ERROR:publisher.cc(629)] Publisher info not found
[Jun 12, 2023, 5:47:26.7 PM:ERROR:publisher.cc(629)] Publisher info not found
--------------------------------------------------------------------------------
[Jun 12, 2023, 8:11:21.4 PM:ERROR:publisher.cc(629)] Publisher info not found
[Jun 12, 2023, 9:21:06.5 PM:ERROR:publisher.cc(629)] Publisher info not found
[Jun 12, 2023, 9:43:51.4 PM:ERROR:publisher.cc(629)] Publisher info not found
--------------------------------------------------------------------------------
[Jun 13, 2023, 9:51:39.7 PM:ERROR:publisher.cc(629)] Publisher info not found
--------------------------------------------------------------------------------
[Jun 14, 2023, 3:49:00.1 PM:ERROR:publisher.cc(629)] Publisher info not found
[Jun 14, 2023, 3:49:15.1 PM:ERROR:publisher.cc(629)] Publisher info not found
[Jun 14, 2023, 4:27:16.6 PM:ERROR:publisher.cc(629)] Publisher info not found
[Jun 14, 2023, 4:29:03.7 PM:ERROR:publisher.cc(629)] Publisher info not found
[Jun 14, 2023, 4:29:21.3 PM:ERROR:publisher.cc(629)] Publisher info not found
[Jun 14, 2023, 4:29:21.3 PM:ERROR:publisher.cc(629)] Publisher info not found
--------------------------------------------------------------------------------
[Jun 14, 2023, 5:19:57.4 PM:ERROR:publisher.cc(629)] Publisher info not found
